[debug] [2022-12-10T14:28:05.333Z] ----------------------------------------------------------------------
[debug] [2022-12-10T14:28:05.340Z] Command:       C:\Program Files\nodejs\node.exe C:\Users\User\AppData\Roaming\npm\node_modules\firebase-tools\lib\bin\firebase.js init
[debug] [2022-12-10T14:28:05.341Z] CLI Version:   11.15.0
[debug] [2022-12-10T14:28:05.342Z] Platform:      win32
[debug] [2022-12-10T14:28:05.342Z] Node Version:  v16.16.0
[debug] [2022-12-10T14:28:05.358Z] Time:          Sat Dec 10 2022 20:28:05 GMT+0600 (Bangladesh Standard Time)
[debug] [2022-12-10T14:28:05.359Z] ----------------------------------------------------------------------
[debug] 
[debug] [2022-12-10T14:28:05.368Z] >>> [apiv2][query] GET https://firebase-public.firebaseio.com/cli.json [none]
[debug] [2022-12-10T14:28:05.570Z] > command requires scopes: ["email","openid","https://www.googleapis.com/auth/cloudplatformprojects.readonly","https://www.googleapis.com/auth/firebase","https://www.googleapis.com/auth/cloud-platform"]
[debug] [2022-12-10T14:28:05.571Z] > authorizing via signed-in user (aspirant4407@gmail.com)
[info] 
     ######## #### ########  ######## ########     ###     ######  ########
     ##        ##  ##     ## ##       ##     ##  ##   ##  ##       ##
     ######    ##  ########  ######   ########  #########  ######  ######
     ##        ##  ##    ##  ##       ##     ## ##     ##       ## ##
     ##       #### ##     ## ######## ########  ##     ##  ######  ########

You're about to initialize a Firebase project in this directory:

  C:\Mission\copy from\my__portfolio-main

Before we get started, keep in mind:

  * You are currently outside your home directory
  * You are initializing within an existing Firebase project directory

[debug] [2022-12-10T14:28:06.551Z] <<< [apiv2][status] GET https://firebase-public.firebaseio.com/cli.json 200
[debug] [2022-12-10T14:28:06.552Z] <<< [apiv2][body] GET https://firebase-public.firebaseio.com/cli.json {"cloudBuildErrorAfter":1594252800000,"cloudBuildWarnAfter":1590019200000,"defaultNode10After":1594252800000,"minVersion":"3.0.5","node8DeploysDisabledAfter":1613390400000,"node8RuntimeDisabledAfter":1615809600000,"node8WarnAfter":1600128000000}
[info] 
=== Project Setup
[info] 
[info] First, let's associate this project directory with a Firebase project.
[info] You can create multiple project aliases by running firebase use --add, 
[info] but for now we'll just set up a default project.
[info] 
[debug] [2022-12-10T14:42:11.011Z] Using project from CLI flag: programmer-anamul
[debug] [2022-12-10T14:42:11.015Z] > refreshing access token with scopes: []
[debug] [2022-12-10T14:42:11.018Z] >>> [apiv2][query] POST https://www.googleapis.com/oauth2/v3/token [none]
[debug] [2022-12-10T14:42:11.019Z] >>> [apiv2][body] POST https://www.googleapis.com/oauth2/v3/token [omitted]
[debug] [2022-12-10T14:42:11.402Z] <<< [apiv2][status] POST https://www.googleapis.com/oauth2/v3/token 200
[debug] [2022-12-10T14:42:11.402Z] <<< [apiv2][body] POST https://www.googleapis.com/oauth2/v3/token [omitted]
[debug] [2022-12-10T14:42:11.418Z] >>> [apiv2][query] GET https://firebase.googleapis.com/v1beta1/projects/programmer-anamul [none]
[debug] [2022-12-10T14:42:12.185Z] <<< [apiv2][status] GET https://firebase.googleapis.com/v1beta1/projects/programmer-anamul 403
[debug] [2022-12-10T14:42:12.186Z] <<< [apiv2][body] GET https://firebase.googleapis.com/v1beta1/projects/programmer-anamul {"error":{"code":403,"message":"The caller does not have permission","status":"PERMISSION_DENIED"}}
[debug] [2022-12-10T14:42:12.187Z] HTTP Error: 403, The caller does not have permission
[debug] [2022-12-10T14:42:12.560Z] FirebaseError: HTTP Error: 403, The caller does not have permission
    at responseToError (C:\Users\User\AppData\Roaming\npm\node_modules\firebase-tools\lib\responseToError.js:49:12)
    at RetryOperation._fn (C:\Users\User\AppData\Roaming\npm\node_modules\firebase-tools\lib\apiv2.js:288:77)
    at processTicksAndRejections (node:internal/process/task_queues:96:5)
[error] 
[error] Error: Failed to get Firebase project programmer-anamul. Please make sure the project exists and your account has permission to access it.
[debug] [2022-12-10T14:53:10.286Z] ----------------------------------------------------------------------
[debug] [2022-12-10T14:53:10.299Z] Command:       C:\Program Files\nodejs\node.exe C:\Users\User\AppData\Roaming\npm\node_modules\firebase-tools\lib\bin\firebase.js init
[debug] [2022-12-10T14:53:10.302Z] CLI Version:   11.15.0
[debug] [2022-12-10T14:53:10.304Z] Platform:      win32
[debug] [2022-12-10T14:53:10.305Z] Node Version:  v16.16.0
[debug] [2022-12-10T14:53:10.310Z] Time:          Sat Dec 10 2022 20:53:10 GMT+0600 (Bangladesh Standard Time)
[debug] [2022-12-10T14:53:10.312Z] ----------------------------------------------------------------------
[debug] 
[debug] [2022-12-10T14:53:11.000Z] > command requires scopes: ["email","openid","https://www.googleapis.com/auth/cloudplatformprojects.readonly","https://www.googleapis.com/auth/firebase","https://www.googleapis.com/auth/cloud-platform"]
[debug] [2022-12-10T14:53:11.004Z] > authorizing via signed-in user (aspirant4407@gmail.com)
[info] 
     ######## #### ########  ######## ########     ###     ######  ########
     ##        ##  ##     ## ##       ##     ##  ##   ##  ##       ##
     ######    ##  ########  ######   ########  #########  ######  ######
     ##        ##  ##    ##  ##       ##     ## ##     ##       ## ##
     ##       #### ##     ## ######## ########  ##     ##  ######  ########

You're about to initialize a Firebase project in this directory:

  C:\Mission\copy from\my__portfolio-main

Before we get started, keep in mind:

  * You are currently outside your home directory
  * You are initializing within an existing Firebase project directory

[info] 
=== Project Setup
[info] 
[info] First, let's associate this project directory with a Firebase project.
[info] You can create multiple project aliases by running firebase use --add, 
[info] but for now we'll just set up a default project.
[info] 
[debug] [2022-12-10T14:53:52.964Z] Using project from CLI flag: programmer-anamul
[debug] [2022-12-10T14:53:52.973Z] >>> [apiv2][query] GET https://firebase.googleapis.com/v1beta1/projects/programmer-anamul [none]
[debug] [2022-12-10T14:53:53.781Z] <<< [apiv2][status] GET https://firebase.googleapis.com/v1beta1/projects/programmer-anamul 403
[debug] [2022-12-10T14:53:53.782Z] <<< [apiv2][body] GET https://firebase.googleapis.com/v1beta1/projects/programmer-anamul {"error":{"code":403,"message":"The caller does not have permission","status":"PERMISSION_DENIED"}}
[debug] [2022-12-10T14:53:53.783Z] HTTP Error: 403, The caller does not have permission
[debug] [2022-12-10T14:53:54.165Z] FirebaseError: HTTP Error: 403, The caller does not have permission
    at responseToError (C:\Users\User\AppData\Roaming\npm\node_modules\firebase-tools\lib\responseToError.js:49:12)
    at RetryOperation._fn (C:\Users\User\AppData\Roaming\npm\node_modules\firebase-tools\lib\apiv2.js:288:77)
    at processTicksAndRejections (node:internal/process/task_queues:96:5)
[error] 
[error] Error: Failed to get Firebase project programmer-anamul. Please make sure the project exists and your account has permission to access it.
